171130 03:39:00 mysqld_safe Starting mysqld daemon with databases from /qserv/data/mysql
2017-11-30  3:39:00 139670467884864 [Note] /qserv/stack/stack/miniconda3-4.3.21-10a4fa6/Linux64/mariadb/10.1.21.lsst2/bin/mysqld (mysqld 10.1.21-MariaDB) starting as process 308 ...
2017-11-30  3:39:00 139670467884864 [Note] InnoDB: Using mutexes to ref count buffer pool pages
2017-11-30  3:39:00 139670467884864 [Note] InnoDB: The InnoDB memory heap is disabled
2017-11-30  3:39:00 139670467884864 [Note] InnoDB: Mutexes and rw_locks use GCC atomic builtins
2017-11-30  3:39:00 139670467884864 [Note] InnoDB: GCC builtin __atomic_thread_fence() is used for memory barrier
2017-11-30  3:39:00 139670467884864 [Note] InnoDB: Compressed tables use zlib 1.2.8
2017-11-30  3:39:00 139670467884864 [Note] InnoDB: Using SSE crc32 instructions
2017-11-30  3:39:00 139670467884864 [Note] InnoDB: Initializing buffer pool, size = 128.0M
2017-11-30  3:39:00 139670467884864 [Note] InnoDB: Completed initialization of buffer pool
2017-11-30  3:39:00 139670467884864 [Note] InnoDB: Highest supported file format is Barracuda.
2017-11-30  3:39:00 139670467884864 [Note] InnoDB: 128 rollback segment(s) are active.
2017-11-30  3:39:00 139670467884864 [Note] InnoDB: Waiting for purge to start
2017-11-30  3:39:00 139670467884864 [Note] InnoDB: 5.6.35 started; log sequence number 1616819
2017-11-30  3:39:00 139669626930944 [Note] InnoDB: Dumping buffer pool(s) not yet started
2017-11-30  3:39:00 139670467884864 [Note] Plugin 'FEEDBACK' is disabled.
2017-11-30  3:39:00 139670467884864 [Note] Server socket created on IP: '::'.
2017-11-30  3:39:00 139670467884864 [Note] /qserv/stack/stack/miniconda3-4.3.21-10a4fa6/Linux64/mariadb/10.1.21.lsst2/bin/mysqld: ready for connections.
Version: '10.1.21-MariaDB'  socket: '/qserv/run/var/lib/mysql/mysql.sock'  port: 13306  Source distribution
2017-11-30  3:39:06 139670392068864 [Note] /qserv/stack/stack/miniconda3-4.3.21-10a4fa6/Linux64/mariadb/10.1.21.lsst2/bin/mysqld: Normal shutdown

2017-11-30  3:39:06 139670392068864 [Note] Event Scheduler: Purging the queue. 0 events
2017-11-30  3:39:06 139669517891328 [Note] InnoDB: FTS optimize thread exiting.
2017-11-30  3:39:06 139670392068864 [Note] InnoDB: Starting shutdown...
2017-11-30  3:39:06 139670392068864 [Note] InnoDB: Shutdown completed; log sequence number 1616829
2017-11-30  3:39:06 139670392068864 [Note] /qserv/stack/stack/miniconda3-4.3.21-10a4fa6/Linux64/mariadb/10.1.21.lsst2/bin/mysqld: Shutdown complete

171130 03:39:06 mysqld_safe mysqld from pid file /qserv/run/var/run/mysqld/mysqld.pid ended
171130 03:39:07 mysqld_safe Starting mysqld daemon with databases from /qserv/data/mysql
2017-11-30  3:39:07 139758031722304 [Note] /qserv/stack/stack/miniconda3-4.3.21-10a4fa6/Linux64/mariadb/10.1.21.lsst2/bin/mysqld (mysqld 10.1.21-MariaDB) starting as process 511 ...
2017-11-30  3:39:07 139758031722304 [Note] InnoDB: Using mutexes to ref count buffer pool pages
2017-11-30  3:39:07 139758031722304 [Note] InnoDB: The InnoDB memory heap is disabled
2017-11-30  3:39:07 139758031722304 [Note] InnoDB: Mutexes and rw_locks use GCC atomic builtins
2017-11-30  3:39:07 139758031722304 [Note] InnoDB: GCC builtin __atomic_thread_fence() is used for memory barrier
2017-11-30  3:39:07 139758031722304 [Note] InnoDB: Compressed tables use zlib 1.2.8
2017-11-30  3:39:07 139758031722304 [Note] InnoDB: Using SSE crc32 instructions
2017-11-30  3:39:07 139758031722304 [Note] InnoDB: Initializing buffer pool, size = 128.0M
2017-11-30  3:39:07 139758031722304 [Note] InnoDB: Completed initialization of buffer pool
2017-11-30  3:39:07 139758031722304 [Note] InnoDB: Highest supported file format is Barracuda.
2017-11-30  3:39:07 139758031722304 [Note] InnoDB: 128 rollback segment(s) are active.
2017-11-30  3:39:07 139758031722304 [Note] InnoDB: Waiting for purge to start
2017-11-30  3:39:07 139758031722304 [Note] InnoDB: 5.6.35 started; log sequence number 1616829
2017-11-30  3:39:07 139757195605760 [Note] InnoDB: Dumping buffer pool(s) not yet started
2017-11-30  3:39:07 139758031722304 [Note] Plugin 'FEEDBACK' is disabled.
2017-11-30  3:39:07 139758031722304 [Note] Server socket created on IP: '::'.
2017-11-30  3:39:07 139758031722304 [Note] /qserv/stack/stack/miniconda3-4.3.21-10a4fa6/Linux64/mariadb/10.1.21.lsst2/bin/mysqld: ready for connections.
Version: '10.1.21-MariaDB'  socket: '/qserv/run/var/lib/mysql/mysql.sock'  port: 13306  Source distribution
2017-11-30  3:39:08 139757967743744 [Note] /qserv/stack/stack/miniconda3-4.3.21-10a4fa6/Linux64/mariadb/10.1.21.lsst2/bin/mysqld: Normal shutdown

2017-11-30  3:39:08 139757967743744 [Note] Event Scheduler: Purging the queue. 0 events
2017-11-30  3:39:08 139757178820352 [Note] InnoDB: FTS optimize thread exiting.
2017-11-30  3:39:08 139757967743744 [Note] InnoDB: Starting shutdown...
2017-11-30  3:39:08 139757967743744 [Note] InnoDB: Shutdown completed; log sequence number 1669102
2017-11-30  3:39:08 139757967743744 [Note] /qserv/stack/stack/miniconda3-4.3.21-10a4fa6/Linux64/mariadb/10.1.21.lsst2/bin/mysqld: Shutdown complete

171130 03:39:08 mysqld_safe mysqld from pid file /qserv/run/var/run/mysqld/mysqld.pid ended
171130 03:39:09 mysqld_safe Starting mysqld daemon with databases from /qserv/data/mysql
2017-11-30  3:39:09 140176353380160 [Note] /qserv/stack/stack/miniconda3-4.3.21-10a4fa6/Linux64/mariadb/10.1.21.lsst2/bin/mysqld (mysqld 10.1.21-MariaDB) starting as process 714 ...
2017-11-30  3:39:09 140176353380160 [Note] InnoDB: Using mutexes to ref count buffer pool pages
2017-11-30  3:39:09 140176353380160 [Note] InnoDB: The InnoDB memory heap is disabled
2017-11-30  3:39:09 140176353380160 [Note] InnoDB: Mutexes and rw_locks use GCC atomic builtins
2017-11-30  3:39:09 140176353380160 [Note] InnoDB: GCC builtin __atomic_thread_fence() is used for memory barrier
2017-11-30  3:39:09 140176353380160 [Note] InnoDB: Compressed tables use zlib 1.2.8
2017-11-30  3:39:09 140176353380160 [Note] InnoDB: Using SSE crc32 instructions
2017-11-30  3:39:09 140176353380160 [Note] InnoDB: Initializing buffer pool, size = 128.0M
2017-11-30  3:39:09 140176353380160 [Note] InnoDB: Completed initialization of buffer pool
2017-11-30  3:39:09 140176353380160 [Note] InnoDB: Highest supported file format is Barracuda.
2017-11-30  3:39:09 140176353380160 [Note] InnoDB: 128 rollback segment(s) are active.
2017-11-30  3:39:09 140176353380160 [Note] InnoDB: Waiting for purge to start
2017-11-30  3:39:09 140176353380160 [Note] InnoDB: 5.6.35 started; log sequence number 1669102
2017-11-30  3:39:09 140175518725888 [Note] InnoDB: Dumping buffer pool(s) not yet started
2017-11-30  3:39:09 140176353380160 [Note] Plugin 'FEEDBACK' is disabled.
2017-11-30  3:39:09 140176353380160 [Note] Server socket created on IP: '::'.
2017-11-30  3:39:09 140176353380160 [Note] /qserv/stack/stack/miniconda3-4.3.21-10a4fa6/Linux64/mariadb/10.1.21.lsst2/bin/mysqld: ready for connections.
Version: '10.1.21-MariaDB'  socket: '/qserv/run/var/lib/mysql/mysql.sock'  port: 13306  Source distribution
2017-11-30  3:39:14 140175923714816 [Note] /qserv/stack/stack/miniconda3-4.3.21-10a4fa6/Linux64/mariadb/10.1.21.lsst2/bin/mysqld: Normal shutdown

2017-11-30  3:39:14 140175923714816 [Note] Event Scheduler: Purging the queue. 0 events
2017-11-30  3:39:14 140175501940480 [Note] InnoDB: FTS optimize thread exiting.
2017-11-30  3:39:14 140175923714816 [Note] InnoDB: Starting shutdown...
2017-11-30  3:39:16 140175923714816 [Note] InnoDB: Shutdown completed; log sequence number 4497488
2017-11-30  3:39:16 140175923714816 [Note] /qserv/stack/stack/miniconda3-4.3.21-10a4fa6/Linux64/mariadb/10.1.21.lsst2/bin/mysqld: Shutdown complete

171130 03:39:16 mysqld_safe mysqld from pid file /qserv/run/var/run/mysqld/mysqld.pid ended
